   Compiling broken-app v0.1.0 (/home/alex/RustProjects/YaRust/sprint5/ya-rust-spint-5-project/broken-app)
    Finished `test` profile [unoptimized + debuginfo] target(s) in 0.33s
     Running unittests src/lib.rs (target/miri/x86_64-unknown-linux-gnu/debug/deps/broken_app-1a24c247aa6ec68b)

running 5 tests
test tests::regression_test_average_positive_positive_absence ... ok
test tests::regression_test_empty_slice ... ok
test tests::regression_test_leak_buffer_correct_count ... ok
test tests::regression_test_normalize ... ok
test tests::regression_test_off_by_one_no_panic ... ok

test result: ok. 5 passed; 0 failed; 0 ignored; 0 measured; 0 filtered out; finished in 2.10s

     Running unittests src/bin/demo.rs (target/miri/x86_64-unknown-linux-gnu/debug/deps/demo-5df0480a4d4caab1)

running 0 tests

test result: ok. 0 passed; 0 failed; 0 ignored; 0 measured; 0 filtered out; finished in 0.03s

     Running unittests src/bin/profile_workload.rs (target/miri/x86_64-unknown-linux-gnu/debug/deps/profile_workload-9bf53910487f7660)

running 0 tests

test result: ok. 0 passed; 0 failed; 0 ignored; 0 measured; 0 filtered out; finished in 0.03s

     Running tests/integration.rs (target/miri/x86_64-unknown-linux-gnu/debug/deps/integration-ba40db7962dd9767)

running 7 tests
test averages_only_positive ... ok
test counts_non_zero_bytes ... ok
test dedup_preserves_uniques ... ok
test fib_small_numbers ... ok
test normalize_simple ... ok
test sums_even_numbers ... ok
test test_race_increment_correct_total ... ok

test result: ok. 7 passed; 0 failed; 0 ignored; 0 measured; 0 filtered out; finished in 1.58s

   Doc-tests broken_app

running 0 tests

test result: ok. 0 passed; 0 failed; 0 ignored; 0 measured; 0 filtered out; finished in 0.00s

